MPI_Comm_rank done at 1.65407e+09
E, E_prev, R allocation done at 1.65407e+09
init call done at 1.65407e+09

[Simulation begins] Wed Jun  1 00:21:40 2022

dt= 7.41769e-05, # iters = 200
m x n = 8000 x 8000
processor geometry: 2 x 64

Compiled with MPI ENABLED
ReportStart call done at 1.65407e+09
Starting solve at 1.65407e+09
[inside solve] comm rank done
[inside solve] scattering start
init scattering 
done sendcounts and senddispls
done sendE and sendR
srun: error: exp-3-48: tasks 7,55,119: Killed
repacked for scattering
filled send counts and displs
allocated tempE and tempR
srun: error: exp-3-48: task 6: Killed
srun: error: exp-3-48: task 4: Killed
srun: Job step aborted: Waiting up to 32 seconds for job step to finish.
slurmstepd: error: *** JOB 12952842 ON exp-3-48 CANCELLED AT 2022-06-01T00:22:33 DUE TO TIME LIMIT ***
slurmstepd: error: *** STEP 12952842.0 ON exp-3-48 CANCELLED AT 2022-06-01T00:22:33 DUE TO TIME LIMIT ***
srun: error: exp-3-48: tasks 0,2: Terminated
srun: error: exp-3-48: tasks 1,5,18,29,72,82: Terminated
